<?xml version="1.0" encoding="UTF-8"?>
<testng-results skipped="0" failed="0" total="2" passed="2">
  <reporter-output>
  </reporter-output>
  <suite name="Default suite" duration-ms="36" started-at="2017-02-08T15:53:05Z" finished-at="2017-02-08T15:53:05Z">
    <groups>
    </groups>
    <test name="Default test" duration-ms="36" started-at="2017-02-08T15:53:05Z" finished-at="2017-02-08T15:53:05Z">
      <class name="testNG.Annotations">
        <test-method status="PASS" signature="beforeTest()[pri:0, instance:testNG.Annotations@12d7680]" name="beforeTest" is-config="true" duration-ms="14" started-at="2017-02-08T21:23:05Z" finished-at="2017-02-08T21:23:05Z">
          <reporter-output>
          </reporter-output>
        </test-method> <!-- beforeTest -->
        <test-method status="PASS" signature="beforeClass()[pri:0, instance:testNG.Annotations@12d7680]" name="beforeClass" is-config="true" duration-ms="0" started-at="2017-02-08T21:23:05Z" finished-at="2017-02-08T21:23:05Z">
          <reporter-output>
          </reporter-output>
        </test-method> <!-- beforeClass -->
        <test-method status="PASS" signature="function1()[pri:0, instance:testNG.Annotations@12d7680]" name="function1" duration-ms="5" started-at="2017-02-08T21:23:05Z" finished-at="2017-02-08T21:23:05Z">
          <reporter-output>
          </reporter-output>
        </test-method> <!-- function1 -->
        <test-method status="PASS" signature="beforeMethod()[pri:0, instance:testNG.Annotations@12d7680]" name="beforeMethod" is-config="true" duration-ms="0" started-at="2017-02-08T21:23:05Z" finished-at="2017-02-08T21:23:05Z">
          <reporter-output>
          </reporter-output>
        </test-method> <!-- beforeMethod -->
        <test-method status="PASS" signature="afterMethod()[pri:0, instance:testNG.Annotations@12d7680]" name="afterMethod" is-config="true" duration-ms="0" started-at="2017-02-08T21:23:05Z" finished-at="2017-02-08T21:23:05Z">
          <reporter-output>
          </reporter-output>
        </test-method> <!-- afterMethod -->
        <test-method status="PASS" signature="beforeMethod()[pri:0, instance:testNG.Annotations@12d7680]" name="beforeMethod" is-config="true" duration-ms="0" started-at="2017-02-08T21:23:05Z" finished-at="2017-02-08T21:23:05Z">
          <reporter-output>
          </reporter-output>
        </test-method> <!-- beforeMethod -->
        <test-method status="PASS" signature="function2()[pri:0, instance:testNG.Annotations@12d7680]" name="function2" duration-ms="3" started-at="2017-02-08T21:23:05Z" finished-at="2017-02-08T21:23:05Z">
          <reporter-output>
          </reporter-output>
        </test-method> <!-- function2 -->
        <test-method status="PASS" signature="afterMethod()[pri:0, instance:testNG.Annotations@12d7680]" name="afterMethod" is-config="true" duration-ms="0" started-at="2017-02-08T21:23:05Z" finished-at="2017-02-08T21:23:05Z">
          <reporter-output>
          </reporter-output>
        </test-method> <!-- afterMethod -->
        <test-method status="PASS" signature="afterClass()[pri:0, instance:testNG.Annotations@12d7680]" name="afterClass" is-config="true" duration-ms="0" started-at="2017-02-08T21:23:05Z" finished-at="2017-02-08T21:23:05Z">
          <reporter-output>
          </reporter-output>
        </test-method> <!-- afterClass -->
        <test-method status="PASS" signature="afterTest()[pri:0, instance:testNG.Annotations@12d7680]" name="afterTest" is-config="true" duration-ms="0" started-at="2017-02-08T21:23:05Z" finished-at="2017-02-08T21:23:05Z">
          <reporter-output>
          </reporter-output>
        </test-method> <!-- afterTest -->
      </class> <!-- testNG.Annotations -->
    </test> <!-- Default test -->
  </suite> <!-- Default suite -->
</testng-results>
